Hello, "ee"
Hello, "/app"
Hello, "59.38.233.213:0"
Hello, "eer"
Hello, "/app"
Hello, "59.38.233.213:0"
[userId name]
2015/09/08 11:09:10 10001 12
10001
12
Hello, "dfdf"
Hello, "/app"
Hello, "59.38.233.213:0"
[userId name]
2015/09/08 16:51:54 10001 12
10001
12
Hello, "ty"
Hello, "/app"
Hello, "59.38.233.213:0"
[userId name]
2015/09/08 16:52:04 10001 12
10001
12
Hello, "ik"
Hello, "/app"
Hello, "59.38.233.213:0"
[userId name]
2015/09/08 16:55:33 10001 12
10001
12
Hello, "oo"
Hello, "/app"
Hello, "59.38.233.213:0"
[userId name]
2015/09/08 16:55:39 10001 12
10001
12
Hello, "pp"
Hello, "/app"
Hello, "59.38.233.213:0"
[userId name]
2015/09/08 16:55:45 10001 12
10001
12
Hello, "lo"
Hello, "/app"
Hello, "59.38.233.213:0"
[userId name]
2015/09/08 16:55:51 10001 12
10001
12
Hello, "yi"
Hello, "/app"
Hello, "59.38.233.213:0"
[userId name]
2015/09/08 16:55:57 10001 12
10001
12
Hello, "rww"
Hello, "/app"
Hello, "59.38.233.213:0"
[userId name]
2015/09/08 16:56:03 10001 12
10001
12
Hello, "uy"
Hello, "/app"
Hello, "59.38.233.213:0"
[userId name]
2015/09/08 16:56:09 10001 12
10001
12
Hello, "kiu"
Hello, "/app"
Hello, "59.38.233.213:0"
[userId name]
2015/09/08 16:56:14 10001 12
10001
12
Hello, "qq"
Hello, "/app"
Hello, "59.38.233.213:0"
[userId name]
2015/09/08 16:56:23 10001 12
10001
12
Hello, "utthgfbhy"
Hello, "/app"
Hello, "59.38.233.213:0"
[userId name]
2015/09/08 16:56:32 10001 12
10001
12
Hello, "uuy"
Hello, "/app"
Hello, "59.38.233.213:0"
[userId name]
2015/09/08 23:43:11 10001 12
10001
12
Hello, "df"
Hello, "/app"
Hello, "59.38.233.213:0"
[userId name]
2015/09/08 23:43:16 10001 12
10001
12
Hello, "aa"
Hello, "/app"
Hello, "59.38.233.213:0"
[userId name]
2015/09/09 14:01:26 10001 12
10001
12
Hello, "df"
Hello, "/app"
Hello, "59.38.232.95:0"
[userId name]
2015/09/09 14:01:33 10001 12
10001
12
Hello, "aa"
Hello, "/app"
Hello, "59.38.232.95:0"
[userId name]
2015/09/09 14:01:38 10001 12
10001
12
Hello, ""
Hello, "/app"
Hello, "59.38.232.95:0"
[userId name]
2015/09/09 14:01:43 10001 12
10001
12
Hello, "ee"
Hello, "/app"
Hello, "59.38.232.95:0"
[userId name]
2015/09/10 22:32:51 10001 12
10001
12
Hello, "ui"
Hello, "/app"
Hello, "14.152.69.120:0"
[userId name]
2015/09/12 20:04:29 10001 12
10001
12
Hello, "阿狸"
Hello, "/app"
Hello, "14.152.69.88:0"
[userId name]
2015/09/12 22:32:27 10001 12
10001
12
Hello, "autumn"
Hello, "/app"
Hello, "117.136.12.124:0"
[userId name]
2015/09/12 22:32:42 10001 12
10001
12
Hello, "jd"
Hello, "/app"
Hello, "117.136.12.124:0"
[userId name]
2015/09/12 22:35:26 10001 12
10001
12
Hello, "yu"
Hello, "/app"
Hello, "117.136.12.124:0"
[userId name]
2015/09/12 22:35:56 10001 12
10001
12
Hello, "yuijn"
Hello, "/app"
Hello, "117.136.12.124:0"
[userId name]
2015/09/17 18:07:56 10001 12
10001
12
Hello, "dfdf"
Hello, "/app"
Hello, "59.38.233.33:0"
[userId name]
2015/09/17 18:09:03 10001 12
10001
12
Hello, "gh"
Hello, "/app"
Hello, "59.38.232.250:0"
